<?xml version="1.0" encoding="UTF-8"?>
<testsuite xmlns:xsi="http://www.w3.org/2001/XMLSchema-instance" xsi:noNamespaceSchemaLocation="https://maven.apache.org/surefire/maven-surefire-plugin/xsd/surefire-test-report-3.0.xsd" version="3.0" name="cucumber.Options.TestRunner" time="2.145" tests="1" errors="0" skipped="0" failures="0">
  <properties>
    <property name="java.specification.version" value="21"/>
    <property name="sun.cpu.isalist" value="amd64"/>
    <property name="sun.jnu.encoding" value="Cp1252"/>
    <property name="java.class.path" value="C:\Users\saira\eclipse-workspace\CucumberProject\target\test-classes;C:\Users\saira\eclipse-workspace\CucumberProject\target\classes;C:\Users\saira\.m2\repository\io\rest-assured\rest-assured\5.5.5\rest-assured-5.5.5.jar;C:\Users\saira\.m2\repository\org\apache\groovy\groovy\4.0.22\groovy-4.0.22.jar;C:\Users\saira\.m2\repository\org\apache\groovy\groovy-xml\4.0.22\groovy-xml-4.0.22.jar;C:\Users\saira\.m2\repository\org\apache\httpcomponents\httpclient\4.5.13\httpclient-4.5.13.jar;C:\Users\saira\.m2\repository\org\apache\httpcomponents\httpcore\4.4.13\httpcore-4.4.13.jar;C:\Users\saira\.m2\repository\commons-logging\commons-logging\1.2\commons-logging-1.2.jar;C:\Users\saira\.m2\repository\commons-codec\commons-codec\1.11\commons-codec-1.11.jar;C:\Users\saira\.m2\repository\org\apache\httpcomponents\httpmime\4.5.13\httpmime-4.5.13.jar;C:\Users\saira\.m2\repository\org\hamcrest\hamcrest\2.2\hamcrest-2.2.jar;C:\Users\saira\.m2\repository\org\ccil\cowan\tagsoup\tagsoup\1.2.1\tagsoup-1.2.1.jar;C:\Users\saira\.m2\repository\io\rest-assured\json-path\5.5.5\json-path-5.5.5.jar;C:\Users\saira\.m2\repository\org\apache\groovy\groovy-json\4.0.22\groovy-json-4.0.22.jar;C:\Users\saira\.m2\repository\io\rest-assured\rest-assured-common\5.5.5\rest-assured-common-5.5.5.jar;C:\Users\saira\.m2\repository\io\rest-assured\xml-path\5.5.5\xml-path-5.5.5.jar;C:\Users\saira\.m2\repository\org\apache\commons\commons-lang3\3.16.0\commons-lang3-3.16.0.jar;C:\Users\saira\.m2\repository\io\cucumber\cucumber-java\7.26.0\cucumber-java-7.26.0.jar;C:\Users\saira\.m2\repository\io\cucumber\cucumber-core\7.26.0\cucumber-core-7.26.0.jar;C:\Users\saira\.m2\repository\io\cucumber\cucumber-gherkin\7.26.0\cucumber-gherkin-7.26.0.jar;C:\Users\saira\.m2\repository\io\cucumber\cucumber-gherkin-messages\7.26.0\cucumber-gherkin-messages-7.26.0.jar;C:\Users\saira\.m2\repository\io\cucumber\gherkin\33.0.0\gherkin-33.0.0.jar;C:\Users\saira\.m2\repository\io\cucumber\messages\28.0.0\messages-28.0.0.jar;C:\Users\saira\.m2\repository\io\cucumber\pretty-formatter\0.3.0\pretty-formatter-0.3.0.jar;C:\Users\saira\.m2\repository\io\cucumber\query\13.5.0\query-13.5.0.jar;C:\Users\saira\.m2\repository\io\cucumber\testng-xml-formatter\0.4.0\testng-xml-formatter-0.4.0.jar;C:\Users\saira\.m2\repository\io\cucumber\tag-expressions\6.1.2\tag-expressions-6.1.2.jar;C:\Users\saira\.m2\repository\io\cucumber\cucumber-expressions\18.0.1\cucumber-expressions-18.0.1.jar;C:\Users\saira\.m2\repository\io\cucumber\datatable\7.26.0\datatable-7.26.0.jar;C:\Users\saira\.m2\repository\io\cucumber\cucumber-plugin\7.26.0\cucumber-plugin-7.26.0.jar;C:\Users\saira\.m2\repository\io\cucumber\docstring\7.26.0\docstring-7.26.0.jar;C:\Users\saira\.m2\repository\io\cucumber\html-formatter\21.13.0\html-formatter-21.13.0.jar;C:\Users\saira\.m2\repository\io\cucumber\junit-xml-formatter\0.8.0\junit-xml-formatter-0.8.0.jar;C:\Users\saira\.m2\repository\io\cucumber\ci-environment\10.0.1\ci-environment-10.0.1.jar;C:\Users\saira\.m2\repository\org\apiguardian\apiguardian-api\1.1.2\apiguardian-api-1.1.2.jar;C:\Users\saira\.m2\repository\io\cucumber\cucumber-junit\7.26.0\cucumber-junit-7.26.0.jar;C:\Users\saira\.m2\repository\junit\junit\4.13.2\junit-4.13.2.jar;C:\Users\saira\.m2\repository\org\hamcrest\hamcrest-core\1.3\hamcrest-core-1.3.jar;C:\Users\saira\.m2\repository\com\fasterxml\jackson\core\jackson-databind\2.19.2\jackson-databind-2.19.2.jar;C:\Users\saira\.m2\repository\com\fasterxml\jackson\core\jackson-annotations\2.19.2\jackson-annotations-2.19.2.jar;C:\Users\saira\.m2\repository\com\fasterxml\jackson\core\jackson-core\2.19.2\jackson-core-2.19.2.jar;"/>
    <property name="java.vm.vendor" value="Oracle Corporation"/>
    <property name="sun.arch.data.model" value="64"/>
    <property name="user.variant" value=""/>
    <property name="java.vendor.url" value="https://java.oracle.com/"/>
    <property name="user.timezone" value="Asia/Calcutta"/>
    <property name="os.name" value="Windows 11"/>
    <property name="java.vm.specification.version" value="21"/>
    <property name="sun.java.launcher" value="SUN_STANDARD"/>
    <property name="user.country" value="IN"/>
    <property name="sun.boot.library.path" value="C:\Program Files\Java\jdk-21\bin"/>
    <property name="sun.java.command" value="C:\Users\saira\AppData\Local\Temp\surefire11868826380540530168\surefirebooter-20250725135411457_3.jar C:\Users\saira\AppData\Local\Temp\surefire11868826380540530168 2025-07-25T13-54-11_371-jvmRun1 surefire-20250725135411457_1tmp surefire_0-20250725135411457_2tmp"/>
    <property name="jdk.debug" value="release"/>
    <property name="surefire.test.class.path" value="C:\Users\saira\eclipse-workspace\CucumberProject\target\test-classes;C:\Users\saira\eclipse-workspace\CucumberProject\target\classes;C:\Users\saira\.m2\repository\io\rest-assured\rest-assured\5.5.5\rest-assured-5.5.5.jar;C:\Users\saira\.m2\repository\org\apache\groovy\groovy\4.0.22\groovy-4.0.22.jar;C:\Users\saira\.m2\repository\org\apache\groovy\groovy-xml\4.0.22\groovy-xml-4.0.22.jar;C:\Users\saira\.m2\repository\org\apache\httpcomponents\httpclient\4.5.13\httpclient-4.5.13.jar;C:\Users\saira\.m2\repository\org\apache\httpcomponents\httpcore\4.4.13\httpcore-4.4.13.jar;C:\Users\saira\.m2\repository\commons-logging\commons-logging\1.2\commons-logging-1.2.jar;C:\Users\saira\.m2\repository\commons-codec\commons-codec\1.11\commons-codec-1.11.jar;C:\Users\saira\.m2\repository\org\apache\httpcomponents\httpmime\4.5.13\httpmime-4.5.13.jar;C:\Users\saira\.m2\repository\org\hamcrest\hamcrest\2.2\hamcrest-2.2.jar;C:\Users\saira\.m2\repository\org\ccil\cowan\tagsoup\tagsoup\1.2.1\tagsoup-1.2.1.jar;C:\Users\saira\.m2\repository\io\rest-assured\json-path\5.5.5\json-path-5.5.5.jar;C:\Users\saira\.m2\repository\org\apache\groovy\groovy-json\4.0.22\groovy-json-4.0.22.jar;C:\Users\saira\.m2\repository\io\rest-assured\rest-assured-common\5.5.5\rest-assured-common-5.5.5.jar;C:\Users\saira\.m2\repository\io\rest-assured\xml-path\5.5.5\xml-path-5.5.5.jar;C:\Users\saira\.m2\repository\org\apache\commons\commons-lang3\3.16.0\commons-lang3-3.16.0.jar;C:\Users\saira\.m2\repository\io\cucumber\cucumber-java\7.26.0\cucumber-java-7.26.0.jar;C:\Users\saira\.m2\repository\io\cucumber\cucumber-core\7.26.0\cucumber-core-7.26.0.jar;C:\Users\saira\.m2\repository\io\cucumber\cucumber-gherkin\7.26.0\cucumber-gherkin-7.26.0.jar;C:\Users\saira\.m2\repository\io\cucumber\cucumber-gherkin-messages\7.26.0\cucumber-gherkin-messages-7.26.0.jar;C:\Users\saira\.m2\repository\io\cucumber\gherkin\33.0.0\gherkin-33.0.0.jar;C:\Users\saira\.m2\repository\io\cucumber\messages\28.0.0\messages-28.0.0.jar;C:\Users\saira\.m2\repository\io\cucumber\pretty-formatter\0.3.0\pretty-formatter-0.3.0.jar;C:\Users\saira\.m2\repository\io\cucumber\query\13.5.0\query-13.5.0.jar;C:\Users\saira\.m2\repository\io\cucumber\testng-xml-formatter\0.4.0\testng-xml-formatter-0.4.0.jar;C:\Users\saira\.m2\repository\io\cucumber\tag-expressions\6.1.2\tag-expressions-6.1.2.jar;C:\Users\saira\.m2\repository\io\cucumber\cucumber-expressions\18.0.1\cucumber-expressions-18.0.1.jar;C:\Users\saira\.m2\repository\io\cucumber\datatable\7.26.0\datatable-7.26.0.jar;C:\Users\saira\.m2\repository\io\cucumber\cucumber-plugin\7.26.0\cucumber-plugin-7.26.0.jar;C:\Users\saira\.m2\repository\io\cucumber\docstring\7.26.0\docstring-7.26.0.jar;C:\Users\saira\.m2\repository\io\cucumber\html-formatter\21.13.0\html-formatter-21.13.0.jar;C:\Users\saira\.m2\repository\io\cucumber\junit-xml-formatter\0.8.0\junit-xml-formatter-0.8.0.jar;C:\Users\saira\.m2\repository\io\cucumber\ci-environment\10.0.1\ci-environment-10.0.1.jar;C:\Users\saira\.m2\repository\org\apiguardian\apiguardian-api\1.1.2\apiguardian-api-1.1.2.jar;C:\Users\saira\.m2\repository\io\cucumber\cucumber-junit\7.26.0\cucumber-junit-7.26.0.jar;C:\Users\saira\.m2\repository\junit\junit\4.13.2\junit-4.13.2.jar;C:\Users\saira\.m2\repository\org\hamcrest\hamcrest-core\1.3\hamcrest-core-1.3.jar;C:\Users\saira\.m2\repository\com\fasterxml\jackson\core\jackson-databind\2.19.2\jackson-databind-2.19.2.jar;C:\Users\saira\.m2\repository\com\fasterxml\jackson\core\jackson-annotations\2.19.2\jackson-annotations-2.19.2.jar;C:\Users\saira\.m2\repository\com\fasterxml\jackson\core\jackson-core\2.19.2\jackson-core-2.19.2.jar;"/>
    <property name="sun.cpu.endian" value="little"/>
    <property name="user.home" value="C:\Users\saira"/>
    <property name="user.language" value="en"/>
    <property name="java.specification.vendor" value="Oracle Corporation"/>
    <property name="java.version.date" value="2025-04-15"/>
    <property name="java.home" value="C:\Program Files\Java\jdk-21"/>
    <property name="file.separator" value="\"/>
    <property name="basedir" value="C:\Users\saira\eclipse-workspace\CucumberProject"/>
    <property name="java.vm.compressedOopsMode" value="Zero based"/>
    <property name="line.separator" value="&#10;"/>
    <property name="java.vm.specification.vendor" value="Oracle Corporation"/>
    <property name="java.specification.name" value="Java Platform API Specification"/>
    <property name="surefire.real.class.path" value="C:\Users\saira\AppData\Local\Temp\surefire11868826380540530168\surefirebooter-20250725135411457_3.jar"/>
    <property name="user.script" value=""/>
    <property name="sun.management.compiler" value="HotSpot 64-Bit Tiered Compilers"/>
    <property name="java.runtime.version" value="21.0.7+8-LTS-245"/>
    <property name="user.name" value="saira"/>
    <property name="stdout.encoding" value="Cp1252"/>
    <property name="path.separator" value=";"/>
    <property name="os.version" value="10.0"/>
    <property name="java.runtime.name" value="Java(TM) SE Runtime Environment"/>
    <property name="file.encoding" value="UTF-8"/>
    <property name="java.vm.name" value="Java HotSpot(TM) 64-Bit Server VM"/>
    <property name="localRepository" value="C:\Users\saira\.m2\repository"/>
    <property name="cucumber.options" value="--tags @test2"/>
    <property name="java.vendor.url.bug" value="https://bugreport.java.com/bugreport/"/>
    <property name="java.io.tmpdir" value="C:\Users\saira\AppData\Local\Temp\"/>
    <property name="java.version" value="21.0.7"/>
    <property name="user.dir" value="C:\Users\saira\eclipse-workspace\CucumberProject"/>
    <property name="os.arch" value="amd64"/>
    <property name="java.vm.specification.name" value="Java Virtual Machine Specification"/>
    <property name="sun.os.patch.level" value=""/>
    <property name="native.encoding" value="Cp1252"/>
    <property name="java.library.path" value="C:\Program Files\Java\jdk-21\bin;C:\WINDOWS\Sun\Java\bin;C:\WINDOWS\system32;C:\WINDOWS;C:\Program Files\Common Files\Oracle\Java\javapath;C:\Windows\system32;C:\Windows;C:\Windows\System32\Wbem;C:\Windows\System32\WindowsPowerShell\v1.0\;C:\Windows\System32\OpenSSH\;C:\Program Files (x86)\NVIDIA Corporation\PhysX\Common;C:\Program Files\NVIDIA Corporation\NVIDIA NvDLISR;C:\WINDOWS\system32;C:\WINDOWS;C:\WINDOWS\System32\Wbem;C:\WINDOWS\System32\WindowsPowerShell\v1.0\;C:\WINDOWS\System32\OpenSSH\;C:\Program Files\Java\jdk-21\bin;C:\apache-maven-3.9.11\bin;C:\Users\saira\AppData\Local\Microsoft\WindowsApps;C:\apache-maven-3.9.11\bin;;."/>
    <property name="java.vm.info" value="mixed mode, sharing"/>
    <property name="stderr.encoding" value="Cp1252"/>
    <property name="java.vendor" value="Oracle Corporation"/>
    <property name="java.vm.version" value="21.0.7+8-LTS-245"/>
    <property name="sun.io.unicode.encoding" value="UnicodeLittle"/>
    <property name="java.class.version" value="65.0"/>
  </properties>
  <testcase name="API tetsing" classname="abc" time="1.795">
    <system-out><![CDATA[
@test1
&amp#27;[1mScenario:&amp#27;[22m API tetsing       &amp#27;[90m# file:///C:/Users/saira/eclipse-workspace/CucumberProject/src/test/java/features/demo.feature:4&amp#27;[0m
===========================  &amp#27;[32m✔&amp#27;[0m &amp#27;[32m&amp#27;[1mGiven &amp#27;[22mAdd Place Payload&amp#27;[0m &amp#27;[90m# stepDefinitions.steps.add_place_payload()&amp#27;[0m
Request method:	POST
Request URI:	https://rahulshettyacademy.com/maps/api/place/add/json?key=qaclick123
Proxy:			<none>
Request params:	<none>
Query params:	key=qaclick123
Form params:	<none>
Path params:	<none>
Headers:		Accept=*/*
				Content-Type=application/json
Cookies:		<none>
Multiparts:		<none>
Body:
{
    "accuracy": 50,
    "name": "Frontline house",
    "phone_number": "(+91) 983 893 3937",
    "address": "29, side layout, cohen 09",
    "website": "https://rahulshettyacademy.com",
    "language": "French-IN",
    "location": {
        "lat": -38.383494,
        "lng": 33.427362
    },
    "types": [
        "shoe park",
        "shop"
    ]
}
  &amp#27;[32m✔&amp#27;[0m &amp#27;[32m&amp#27;[1mWhen &amp#27;[22mUser hits&amp#27;[0m          &amp#27;[90m# stepDefinitions.steps.user_hits()&amp#27;[0m
  &amp#27;[32m✔&amp#27;[0m &amp#27;[32m&amp#27;[1mThen &amp#27;[22mstatus code is &amp#27;[1m200&amp#27;[22m&amp#27;[0m &amp#27;[90m# stepDefinitions.steps.status_code_is(java.lang.Integer)&amp#27;[0m
]]></system-out>
    <system-err><![CDATA[Jul 25, 2025 1:54:11 PM io.cucumber.core.options.CucumberPropertiesParser lambda$warnWhenCucumberOptionsIsUsed$2
WARNING: Passing commandline options via the property 'cucumber.options' is no longer supported. Please use individual properties instead. See the java doc on io.cucumber.core.options.Constants for details.
]]></system-err>
  </testcase>
</testsuite>